0 info it worked if it ends with ok
1 verbose cli [ '/usr/local/bin/node', '/usr/local/bin/npm', 'publish' ]
2 info using npm@3.10.9
3 info using node@v6.9.2
4 verbose publish [ '.' ]
5 silly cache add args [ '.', null ]
6 verbose cache add spec .
7 silly cache add parsed spec Result {
7 silly cache add   raw: '.',
7 silly cache add   scope: null,
7 silly cache add   escapedName: null,
7 silly cache add   name: null,
7 silly cache add   rawSpec: '.',
7 silly cache add   spec: '/Users/liuhuijuan/github/storybooks-lib',
7 silly cache add   type: 'directory' }
8 verbose addLocalDirectory /Users/liuhuijuan/.npm/@beisen/storybook-lib/0.0.7/package.tgz not in flight; packing
9 verbose correctMkdir /Users/liuhuijuan/.npm correctMkdir not in flight; initializing
10 info lifecycle @beisen/storybook-lib@0.0.7~prepublish: @beisen/storybook-lib@0.0.7
11 silly lifecycle @beisen/storybook-lib@0.0.7~prepublish: no script for prepublish, continuing
12 verbose tar pack [ '/Users/liuhuijuan/.npm/@beisen/storybook-lib/0.0.7/package.tgz',
12 verbose tar pack   '/Users/liuhuijuan/github/storybooks-lib' ]
13 verbose tarball /Users/liuhuijuan/.npm/@beisen/storybook-lib/0.0.7/package.tgz
14 verbose folder /Users/liuhuijuan/github/storybooks-lib
15 verbose addLocalTarball adding from inside cache /Users/liuhuijuan/.npm/@beisen/storybook-lib/0.0.7/package.tgz
16 verbose correctMkdir /Users/liuhuijuan/.npm correctMkdir not in flight; initializing
17 silly cache afterAdd @beisen/storybook-lib@0.0.7
18 verbose afterAdd /Users/liuhuijuan/.npm/@beisen/storybook-lib/0.0.7/package/package.json not in flight; writing
19 verbose correctMkdir /Users/liuhuijuan/.npm correctMkdir not in flight; initializing
20 verbose afterAdd /Users/liuhuijuan/.npm/@beisen/storybook-lib/0.0.7/package/package.json written
21 silly publish { name: '@beisen/storybook-lib',
21 silly publish   version: '0.0.7',
21 silly publish   description: '二次封装，易使用',
21 silly publish   main: 'src/index.js',
21 silly publish   scripts: { test: 'echo "Error: no test specified" && exit 1' },
21 silly publish   repository:
21 silly publish    { type: 'git',
21 silly publish      url: 'git+https://github.com/BeisenUX/storybooks-lib.git' },
21 silly publish   author: '',
21 silly publish   license: 'ISC',
21 silly publish   bugs: { url: 'https://github.com/BeisenUX/storybooks-lib/issues' },
21 silly publish   devDependencies:
21 silly publish    { '@storybook/addon-knobs': '^3.4.1',
21 silly publish      '@storybook/cli': '^3.3.15',
21 silly publish      '@storybook/react': '^3.3.15',
21 silly publish      'babel-cli': '^6.26.0',
21 silly publish      'babel-core': '^6.26.0',
21 silly publish      'babel-loader': '^7.1.4',
21 silly publish      'babel-plugin-add-module-exports': '^0.2.1',
21 silly publish      'babel-plugin-transform-decorators-legacy': '^1.3.4',
21 silly publish      'babel-plugin-transform-object-assign': '^6.22.0',
21 silly publish      'babel-plugin-transform-react-display-name': '^6.25.0',
21 silly publish      'babel-plugin-transform-react-jsx': '^6.24.1',
21 silly publish      'babel-plugin-transform-runtime': '^6.23.0',
21 silly publish      'babel-preset-env': '^1.6.1',
21 silly publish      ejs: '^2.5.9',
21 silly publish      'file-loader': '^1.1.11',
21 silly publish      fs: '0.0.1-security',
21 silly publish      'html-loader': '^0.5.5',
21 silly publish      'less-loader': '^4.1.0',
21 silly publish      'markdown-loader': '^2.0.2',
21 silly publish      'node-sass': '^4.7.2',
21 silly publish      os: '^0.1.1',
21 silly publish      'postcss-loader': '^2.1.2',
21 silly publish      react: '^16.2.0',
21 silly publish      'react-dom': '^16.2.0',
21 silly publish      'sass-loader': '^6.0.7',
21 silly publish      'storybook-readme': '^3.3.0',
21 silly publish      'style-loader': '^0.20.3',
21 silly publish      'url-loader': '^1.0.1' },
21 silly publish   homepage: 'https://github.com/BeisenUX/storybooks-lib#readme',
21 silly publish   readme: '# storybooks-lib\n二次封装，易使用\n',
21 silly publish   readmeFilename: 'README.md',
21 silly publish   gitHead: 'a1325e25dd1e919fdb43505c874d998efdaeae15',
21 silly publish   _id: '@beisen/storybook-lib@0.0.7',
21 silly publish   _shasum: '1697b756f14814e3e0f19937f006203741c9f426',
21 silly publish   _from: '.' }
22 verbose getPublishConfig undefined
23 silly mapToRegistry name @beisen/storybook-lib
24 silly mapToRegistry scope (from package name) @beisen
25 verbose mapToRegistry no registry URL found in name for scope @beisen
26 silly mapToRegistry using default registry
27 silly mapToRegistry registry https://registry.npmjs.org/
28 silly mapToRegistry data Result {
28 silly mapToRegistry   raw: '@beisen/storybook-lib',
28 silly mapToRegistry   scope: '@beisen',
28 silly mapToRegistry   escapedName: '@beisen%2fstorybook-lib',
28 silly mapToRegistry   name: '@beisen/storybook-lib',
28 silly mapToRegistry   rawSpec: '',
28 silly mapToRegistry   spec: 'latest',
28 silly mapToRegistry   type: 'tag' }
29 silly mapToRegistry uri https://registry.npmjs.org/@beisen%2fstorybook-lib
30 verbose publish registryBase https://registry.npmjs.org/
31 silly publish uploading /Users/liuhuijuan/.npm/@beisen/storybook-lib/0.0.7/package.tgz
32 verbose request uri https://registry.npmjs.org/@beisen%2fstorybook-lib
33 verbose request sending authorization for write operation
34 info attempt registry request try #1 at 17:00:39
35 verbose request using bearer token for auth
36 verbose request id 5a415335b3665a5e
37 http request PUT https://registry.npmjs.org/@beisen%2fstorybook-lib
38 http 403 https://registry.npmjs.org/@beisen%2fstorybook-lib
39 verbose headers { 'content-type': 'application/json',
39 verbose headers   'cache-control': 'max-age=0',
39 verbose headers   'content-length': '93',
39 verbose headers   'accept-ranges': 'bytes',
39 verbose headers   date: 'Tue, 24 Apr 2018 09:00:41 GMT',
39 verbose headers   via: '1.1 varnish',
39 verbose headers   connection: 'keep-alive',
39 verbose headers   'x-served-by': 'cache-hnd18729-HND',
39 verbose headers   'x-cache': 'MISS',
39 verbose headers   'x-cache-hits': '0',
39 verbose headers   'x-timer': 'S1524560440.202830,VS0,VE1219' }
40 verbose request invalidating /Users/liuhuijuan/.npm/registry.npmjs.org/_40beisen_252fstorybook-lib on PUT
41 error publish Failed PUT 403
42 verbose stack Error: You cannot publish over the previously published versions: 0.0.7. : @beisen/storybook-lib
42 verbose stack     at makeError (/usr/local/lib/node_modules/npm/node_modules/npm-registry-client/lib/request.js:302:12)
42 verbose stack     at CachingRegistryClient.<anonymous> (/usr/local/lib/node_modules/npm/node_modules/npm-registry-client/lib/request.js:290:14)
42 verbose stack     at Request._callback (/usr/local/lib/node_modules/npm/node_modules/npm-registry-client/lib/request.js:210:14)
42 verbose stack     at Request.self.callback (/usr/local/lib/node_modules/npm/node_modules/request/request.js:187:22)
42 verbose stack     at emitTwo (events.js:106:13)
42 verbose stack     at Request.emit (events.js:191:7)
42 verbose stack     at Request.<anonymous> (/usr/local/lib/node_modules/npm/node_modules/request/request.js:1048:10)
42 verbose stack     at emitOne (events.js:96:13)
42 verbose stack     at Request.emit (events.js:188:7)
42 verbose stack     at IncomingMessage.<anonymous> (/usr/local/lib/node_modules/npm/node_modules/request/request.js:969:12)
43 verbose statusCode 403
44 verbose pkgid @beisen/storybook-lib
45 verbose cwd /Users/liuhuijuan/github/storybooks-lib
46 error Darwin 17.0.0
47 error argv "/usr/local/bin/node" "/usr/local/bin/npm" "publish"
48 error node v6.9.2
49 error npm  v3.10.9
50 error code E403
51 error You cannot publish over the previously published versions: 0.0.7. : @beisen/storybook-lib
52 error If you need help, you may report this error at:
52 error     <https://github.com/npm/npm/issues>
53 verbose exit [ 1, true ]
